2024-09-06T17:21:53.762+08:00  INFO 10584 --- [FYP] [restartedMain] com.fyp14.OnePay.FypApplication          : Starting FypApplication using Java 21.0.4 with PID 10584 (C:\Users\wilso\IdeaProjects\FYP2024\build\classes\java\main started by wilso in C:\Users\wilso\IdeaProjects\FYP2024)
2024-09-06T17:21:53.779+08:00  INFO 10584 --- [FYP] [restartedMain] com.fyp14.OnePay.FypApplication          : No active profile set, falling back to 1 default profile: "default"
2024-09-06T17:21:54.204+08:00  INFO 10584 --- [FYP] [restartedMain] .e.DevToolsPropertyDefaultsPostProcessor : Devtools property defaults active! Set 'spring.devtools.add-properties' to 'false' to disable
2024-09-06T17:21:54.205+08:00  INFO 10584 --- [FYP] [restartedMain] .e.DevToolsPropertyDefaultsPostProcessor : For additional web related logging consider setting the 'logging.level.web' property to 'DEBUG'
2024-09-06T17:21:55.469+08:00  INFO 10584 --- [FYP] [restartedMain] .s.d.r.c.RepositoryConfigurationDelegate : Bootstrapping Spring Data JPA repositories in DEFAULT mode.
2024-09-06T17:21:55.564+08:00  INFO 10584 --- [FYP] [restartedMain] .s.d.r.c.RepositoryConfigurationDelegate : Finished Spring Data repository scanning in 81 ms. Found 2 JPA repository interfaces.
2024-09-06T17:21:56.536+08:00  INFO 10584 --- [FYP] [restartedMain] o.s.b.w.embedded.tomcat.TomcatWebServer  : Tomcat initialized with port 8080 (http)
2024-09-06T17:21:56.559+08:00  INFO 10584 --- [FYP] [restartedMain] o.apache.catalina.core.StandardService   : Starting service [Tomcat]
2024-09-06T17:21:56.561+08:00  INFO 10584 --- [FYP] [restartedMain] o.apache.catalina.core.StandardEngine    : Starting Servlet engine: [Apache Tomcat/10.1.26]
2024-09-06T17:21:56.679+08:00  INFO 10584 --- [FYP] [restartedMain] o.a.c.c.C.[Tomcat].[localhost].[/]       : Initializing Spring embedded WebApplicationContext
2024-09-06T17:21:56.680+08:00  INFO 10584 --- [FYP] [restartedMain] w.s.c.ServletWebServerApplicationContext : Root WebApplicationContext: initialization completed in 2474 ms
2024-09-06T17:21:56.997+08:00  INFO 10584 --- [FYP] [restartedMain] o.hibernate.jpa.internal.util.LogHelper  : HHH000204: Processing PersistenceUnitInfo [name: default]
2024-09-06T17:21:57.154+08:00  INFO 10584 --- [FYP] [restartedMain] org.hibernate.Version                    : HHH000412: Hibernate ORM core version 6.5.2.Final
2024-09-06T17:21:57.260+08:00  INFO 10584 --- [FYP] [restartedMain] o.h.c.internal.RegionFactoryInitiator    : HHH000026: Second-level cache disabled
2024-09-06T17:21:57.888+08:00  INFO 10584 --- [FYP] [restartedMain] o.s.o.j.p.SpringPersistenceUnitInfo      : No LoadTimeWeaver setup: ignoring JPA class transformer
2024-09-06T17:21:57.940+08:00  INFO 10584 --- [FYP] [restartedMain] com.zaxxer.hikari.HikariDataSource       : HikariPool-1 - Starting...
2024-09-06T17:21:58.161+08:00  INFO 10584 --- [FYP] [restartedMain] com.zaxxer.hikari.pool.HikariPool        : HikariPool-1 - Added connection org.mariadb.jdbc.Connection@700ba387
2024-09-06T17:21:58.166+08:00  INFO 10584 --- [FYP] [restartedMain] com.zaxxer.hikari.HikariDataSource       : HikariPool-1 - Start completed.
2024-09-06T17:21:58.236+08:00  WARN 10584 --- [FYP] [restartedMain] org.hibernate.orm.deprecation            : HHH90000025: MariaDBDialect does not need to be specified explicitly using 'hibernate.dialect' (remove the property setting and it will be selected by default)
2024-09-06T17:22:00.053+08:00  INFO 10584 --- [FYP] [restartedMain] o.h.e.t.j.p.i.JtaPlatformInitiator       : HHH000489: No JTA platform available (set 'hibernate.transaction.jta.platform' to enable JTA platform integration)
2024-09-06T17:22:00.128+08:00  INFO 10584 --- [FYP] [restartedMain] j.LocalContainerEntityManagerFactoryBean : Initialized JPA EntityManagerFactory for persistence unit 'default'
2024-09-06T17:22:00.757+08:00  WARN 10584 --- [FYP] [restartedMain] JpaBaseConfiguration$JpaWebConfiguration : spring.jpa.open-in-view is enabled by default. Therefore, database queries may be performed during view rendering. Explicitly configure spring.jpa.open-in-view to disable this warning
2024-09-06T17:22:00.814+08:00  INFO 10584 --- [FYP] [restartedMain] eAuthenticationProviderManagerConfigurer : Global AuthenticationManager configured with AuthenticationProvider bean with name authenticationProvider
2024-09-06T17:22:00.816+08:00  WARN 10584 --- [FYP] [restartedMain] r$InitializeUserDetailsManagerConfigurer : Global AuthenticationManager configured with an AuthenticationProvider bean. UserDetailsService beans will not be used for username/password login. Consider removing the AuthenticationProvider bean. Alternatively, consider using the UserDetailsService in a manually instantiated DaoAuthenticationProvider.
2024-09-06T17:22:03.860+08:00  INFO 10584 --- [FYP] [restartedMain] o.s.b.d.a.OptionalLiveReloadServer       : LiveReload server is running on port 35729
2024-09-06T17:22:03.906+08:00  INFO 10584 --- [FYP] [restartedMain] o.s.b.w.embedded.tomcat.TomcatWebServer  : Tomcat started on port 8080 (http) with context path '/'
2024-09-06T17:22:03.920+08:00  INFO 10584 --- [FYP] [restartedMain] com.fyp14.OnePay.FypApplication          : Started FypApplication in 10.859 seconds (process running for 16.362)
2024-09-06T17:22:26.017+08:00  INFO 10584 --- [FYP] [http-nio-8080-exec-1] o.a.c.c.C.[Tomcat].[localhost].[/]       : Initializing Spring DispatcherServlet 'dispatcherServlet'
2024-09-06T17:22:26.019+08:00  INFO 10584 --- [FYP] [http-nio-8080-exec-1] o.s.web.servlet.DispatcherServlet        : Initializing Servlet 'dispatcherServlet'
2024-09-06T17:22:26.019+08:00  INFO 10584 --- [FYP] [http-nio-8080-exec-1] o.s.web.servlet.DispatcherServlet        : Completed initialization in 0 ms
2024-09-06T19:16:31.204+08:00  INFO 10584 --- [FYP] [SpringApplicationShutdownHook] j.LocalContainerEntityManagerFactoryBean : Closing JPA EntityManagerFactory for persistence unit 'default'
2024-09-06T19:16:31.210+08:00  INFO 10584 --- [FYP] [SpringApplicationShutdownHook] com.zaxxer.hikari.HikariDataSource       : HikariPool-1 - Shutdown initiated...
2024-09-06T19:16:31.214+08:00  INFO 10584 --- [FYP] [SpringApplicationShutdownHook] com.zaxxer.hikari.HikariDataSource       : HikariPool-1 - Shutdown completed.
